{"/Users/mganitombalak/github/bynr-training/js-unit-test/async.js": {"path":"/Users/mganitombalak/github/bynr-training/js-unit-test/async.js","statementMap":{"0":{"start":{"line":1,"column":19},"end":{"line":10,"column":1}},"1":{"start":{"line":2,"column":18},"end":{"line":2,"column":28}},"2":{"start":{"line":3,"column":28},"end":{"line":3,"column":46}},"3":{"start":{"line":8,"column":8},"end":{"line":8,"column":18}},"4":{"start":{"line":12,"column":0},"end":{"line":12,"column":28}}},"fnMap":{"0":{"name":"(anonymous_0)","decl":{"start":{"line":2,"column":9},"end":{"line":2,"column":10}},"loc":{"start":{"line":2,"column":18},"end":{"line":2,"column":28}},"line":2},"1":{"name":"(anonymous_1)","decl":{"start":{"line":3,"column":10},"end":{"line":3,"column":11}},"loc":{"start":{"line":3,"column":28},"end":{"line":3,"column":46}},"line":3},"2":{"name":"(anonymous_2)","decl":{"start":{"line":4,"column":10},"end":{"line":4,"column":11}},"loc":{"start":{"line":4,"column":17},"end":{"line":9,"column":5}},"line":4}},"branchMap":{},"s":{"0":1,"1":0,"2":0,"3":1,"4":1},"f":{"0":0,"1":0,"2":1},"b":{},"_coverageSchema":"1a1c01bbd47fc00a2c39e90264f33305004495a9","hash":"e69ce501e55398733763386939aeb6a39d647d1a"}
}
