<?xml version="1.0" encoding="UTF-8"?>
<coverage generated="1626101486177" clover="3.2.0">
  <project timestamp="1626101486177" name="All files">
    <metrics statements="8" coveredstatements="2" conditionals="2" coveredconditionals="0" methods="5" coveredmethods="0" elements="15" coveredelements="2" complexity="0" loc="8" ncloc="8" packages="1" files="1" classes="1"/>
    <file name="basket.js" path="/Users/mganitombalak/github/bynr-training/js-unit-test/basket.js">
      <metrics statements="8" coveredstatements="2" conditionals="2" coveredconditionals="0" methods="5" coveredmethods="0"/>
      <line num="1" count="1" type="stmt"/>
      <line num="3" count="0" type="stmt"/>
      <line num="5" count="0" type="cond" truecount="0" falsecount="2"/>
      <line num="6" count="0" type="stmt"/>
      <line num="7" count="0" type="stmt"/>
      <line num="9" count="0" type="stmt"/>
      <line num="11" count="0" type="stmt"/>
      <line num="14" count="1" type="stmt"/>
    </file>
  </project>
</coverage>
