{"/Users/mganitombalak/github/bynr-training/js-unit-test/basket.js": {"path":"/Users/mganitombalak/github/bynr-training/js-unit-test/basket.js","statementMap":{"0":{"start":{"line":1,"column":20},"end":{"line":12,"column":1}},"1":{"start":{"line":3,"column":14},"end":{"line":3,"column":35}},"2":{"start":{"line":5,"column":8},"end":{"line":8,"column":9}},"3":{"start":{"line":6,"column":12},"end":{"line":6,"column":55}},"4":{"start":{"line":6,"column":43},"end":{"line":6,"column":53}},"5":{"start":{"line":7,"column":12},"end":{"line":7,"column":19}},"6":{"start":{"line":9,"column":8},"end":{"line":9,"column":49}},"7":{"start":{"line":11,"column":26},"end":{"line":11,"column":61}},"8":{"start":{"line":11,"column":47},"end":{"line":11,"column":60}}},"fnMap":{"0":{"name":"(anonymous_0)","decl":{"start":{"line":3,"column":9},"end":{"line":3,"column":10}},"loc":{"start":{"line":3,"column":14},"end":{"line":3,"column":35}},"line":3},"1":{"name":"(anonymous_1)","decl":{"start":{"line":4,"column":12},"end":{"line":4,"column":13}},"loc":{"start":{"line":4,"column":18},"end":{"line":10,"column":5}},"line":4},"2":{"name":"(anonymous_2)","decl":{"start":{"line":6,"column":38},"end":{"line":6,"column":39}},"loc":{"start":{"line":6,"column":43},"end":{"line":6,"column":53}},"line":6},"3":{"name":"(anonymous_3)","decl":{"start":{"line":11,"column":20},"end":{"line":11,"column":21}},"loc":{"start":{"line":11,"column":26},"end":{"line":11,"column":61}},"line":11},"4":{"name":"(anonymous_4)","decl":{"start":{"line":11,"column":42},"end":{"line":11,"column":43}},"loc":{"start":{"line":11,"column":47},"end":{"line":11,"column":60}},"line":11}},"branchMap":{"0":{"loc":{"start":{"line":5,"column":8},"end":{"line":8,"column":9}},"type":"if","locations":[{"start":{"line":5,"column":8},"end":{"line":8,"column":9}},{"start":{"line":5,"column":8},"end":{"line":8,"column":9}}],"line":5}},"s":{"0":1,"1":0,"2":0,"3":0,"4":0,"5":0,"6":0,"7":0,"8":0},"f":{"0":0,"1":0,"2":0,"3":0,"4":0},"b":{"0":[0,0]},"_coverageSchema":"1a1c01bbd47fc00a2c39e90264f33305004495a9","hash":"432750b138146d6a6f41f11f525234d9b6162f21"}
}
